<?xml version="1.0" encoding="UTF-8" ?>
<testsuite tests="4" failures="0" name="com.sapient.pjp2.utils.DateUtilTest" time="0" errors="0" skipped="0">
  <properties>
[...]
</properties>
  <testcase classname="com.sapient.pjp2.utils.DateUtilTest" name="testParseDateThrowsNullException" time="0"/>
  <testcase classname="com.sapient.pjp2.utils.DateUtilTest" name="testParseString" time="0"/>
  <testcase classname="com.sapient.pjp2.utils.DateUtilTest" name="testParseDate" time="0"/>
  <testcase classname="com.sapient.pjp2.utils.DateUtilTest" name="testDateFormatterThrowsException" time="0"/>
</testsuite>